\BOOKMARK [1][-]{section.1}{Account}{}% 1
\BOOKMARK [1][-]{section.2}{Branch}{}% 2
\BOOKMARK [1][-]{section.3}{Commit}{}% 3
\BOOKMARK [1][-]{section.4}{Date}{}% 4
\BOOKMARK [1][-]{section.5}{Github}{}% 5
\BOOKMARK [1][-]{section.6}{Issue}{}% 6
\BOOKMARK [1][-]{section.7}{Message}{}% 7
\BOOKMARK [1][-]{section.8}{Organization}{}% 8
\BOOKMARK [1][-]{section.9}{Release}{}% 9
\BOOKMARK [1][-]{section.10}{Repository}{}% 10
\BOOKMARK [1][-]{section.11}{Tag}{}% 11
\BOOKMARK [1][-]{section.12}{User}{}% 12
\BOOKMARK [1][-]{section.13}{Utils}{}% 13
\BOOKMARK [1][-]{section.14}{DateTest}{}% 14
\BOOKMARK [1][-]{section.15}{GithubTest}{}% 15
\BOOKMARK [1][-]{section.16}{IssueTest}{}% 16
\BOOKMARK [1][-]{section.17}{OrganizationTest}{}% 17
\BOOKMARK [1][-]{section.18}{RepositoryTest}{}% 18
\BOOKMARK [1][-]{section.19}{TestAll}{}% 19
\BOOKMARK [1][-]{section.20}{TestUtils}{}% 20
\BOOKMARK [1][-]{section.21}{UserTest}{}% 21
